<?xml version="1.0" encoding="UTF-8"?>
<!-- Generated by org.testng.reporters.JUnitXMLReporter -->
<testsuite ignored="0" hostname="Akshay" failures="0" tests="3" name="Test" time="21.487" errors="0" timestamp="2024-11-08T14:48:29 CST">
  <testcase classname="com.testng.FirstProgramToOpenBrowser" name="f1" time="11.202"/>
  <testcase classname="com.testng.ForTest" name="f1" time="5.58"/>
  <testcase classname="com.testng.SecondProgramToSelect" name="f1" time="4.646"/>
</testsuite> <!-- Test -->
