<?xml version="1.0" encoding="UTF-8"?>
<testng-results ignored="0" total="1" passed="1" failed="0" skipped="0">
  <reporter-output>
  </reporter-output>
  <suite started-at="2024-11-07T22:26:12 CST" name="Suite" finished-at="2024-11-07T22:26:22 CST" duration-ms="9622">
    <groups>
    </groups>
    <test started-at="2024-11-07T22:26:12 CST" name="Test" finished-at="2024-11-07T22:26:22 CST" duration-ms="9622">
      <class name="com.testng.FirstProgramToOpenBrowser">
        <test-method signature="f1()[pri:0, instance:com.testng.FirstProgramToOpenBrowser@29f7cefd]" started-at="2024-11-07T22:26:13 CST" name="f1" finished-at="2024-11-07T22:26:22 CST" duration-ms="9538" status="PASS">
          <reporter-output>
          </reporter-output>
        </test-method> <!-- f1 -->
      </class> <!-- com.testng.FirstProgramToOpenBrowser -->
    </test> <!-- Test -->
  </suite> <!-- Suite -->
</testng-results>
