<?xml version="1.0" encoding="UTF-8"?>
<testsuite xmlns:xsi="http://www.w3.org/2001/XMLSchema-instance" xsi:noNamespaceSchemaLocation="https://maven.apache.org/surefire/maven-surefire-plugin/xsd/surefire-test-report-3.0.xsd" version="3.0" name="TestSuite" time="22.449" tests="3" errors="0" skipped="0" failures="0">
  <properties>
[...]
</properties>
  <testcase name="f1" classname="com.testng.FirstProgramToOpenBrowser" time="11.206">
    <system-out><![CDATA[Thank you for your order!
True
]]></system-out>
    <system-err><![CDATA[Nov 08, 2024 2:48:15 PM org.openqa.selenium.devtools.CdpVersionFinder findNearestMatch
WARNING: Unable to find an exact match for CDP version 130, returning the closest version; found: 128; Please update to a Selenium version that supports CDP version 130
]]></system-err>
  </testcase>
  <testcase name="f1" classname="com.testng.ForTest" time="5.585">
    <system-out><![CDATA[org.openqa.selenium.NoSuchElementException: no such element: Unable to locate element: {"method":"css selector","selector":"#txt_comment"}
  (Session info: chrome=130.0.6723.92)
For documentation on this error, please visit: https://www.selenium.dev/documentation/webdriver/troubleshooting/errors#no-such-element-exception
Build info: version: '4.24.0', revision: '748ffc9bc3'
System info: os.name: 'Windows 11', os.arch: 'amd64', os.version: '10.0', java.version: '21.0.1'
Driver info: org.openqa.selenium.chrome.ChromeDriver
Command: [6f31aef1025aa4d61e797ac4fecb6d30, findElement {using=id, value=txt_comment}]
Capabilities {acceptInsecureCerts: false, browserName: chrome, browserVersion: 130.0.6723.92, chrome: {chromedriverVersion: 130.0.6723.116 (6ac35f94ae3..., userDataDir: C:\Users\aksha\AppData\Loca...}, fedcm:accounts: true, goog:chromeOptions: {debuggerAddress: localhost:58854}, networkConnectionEnabled: false, pageLoadStrategy: normal, platformName: windows, proxy: Proxy(), se:cdp: ws://localhost:58854/devtoo..., se:cdpVersion: 130.0.6723.92, setWindowRect: true, strictFileInteractability: false, timeouts: {implicit: 0, pageLoad: 300000, script: 30000}, unhandledPromptBehavior: dismiss and notify, webauthn:extension:credBlob: true, webauthn:extension:largeBlob: true, webauthn:extension:minPinLength: true, webauthn:extension:prf: true, webauthn:virtualAuthenticators: true}
Session ID: 6f31aef1025aa4d61e797ac4fecb6d30
]]></system-out>
    <system-err><![CDATA[Nov 08, 2024 2:48:21 PM org.openqa.selenium.devtools.CdpVersionFinder findNearestMatch
WARNING: Unable to find an exact match for CDP version 130, returning the closest version; found: 128; Please update to a Selenium version that supports CDP version 130
]]></system-err>
  </testcase>
  <testcase name="f1" classname="com.testng.SecondProgramToSelect" time="4.647">
    <system-err><![CDATA[Nov 08, 2024 2:48:27 PM org.openqa.selenium.devtools.CdpVersionFinder findNearestMatch
WARNING: Unable to find an exact match for CDP version 130, returning the closest version; found: 128; Please update to a Selenium version that supports CDP version 130
]]></system-err>
  </testcase>
</testsuite>