<?xml version="1.0" encoding="UTF-8"?>
<testng-results ignored="0" total="3" passed="3" failed="0" skipped="0">
  <reporter-output>
  </reporter-output>
  <suite started-at="2024-11-08T14:48:08 CST" name="Suite" finished-at="2024-11-08T14:48:29 CST" duration-ms="21487">
    <groups>
    </groups>
    <test started-at="2024-11-08T14:48:08 CST" name="Test" finished-at="2024-11-08T14:48:29 CST" duration-ms="21487">
      <class name="com.testng.ForTest">
        <test-method signature="f1()[pri:0, instance:com.testng.ForTest@2fb0623e]" started-at="2024-11-08T14:48:19 CST" name="f1" finished-at="2024-11-08T14:48:25 CST" duration-ms="5580" status="PASS">
          <reporter-output>
          </reporter-output>
        </test-method> <!-- f1 -->
      </class> <!-- com.testng.ForTest -->
      <class name="com.testng.SecondProgramToSelect">
        <test-method signature="f1()[pri:0, instance:com.testng.SecondProgramToSelect@49b2a47d]" started-at="2024-11-08T14:48:25 CST" name="f1" finished-at="2024-11-08T14:48:29 CST" duration-ms="4646" status="PASS">
          <reporter-output>
          </reporter-output>
        </test-method> <!-- f1 -->
      </class> <!-- com.testng.SecondProgramToSelect -->
      <class name="com.testng.FirstProgramToOpenBrowser">
        <test-method signature="f1()[pri:0, instance:com.testng.FirstProgramToOpenBrowser@3b35a229]" started-at="2024-11-08T14:48:08 CST" name="f1" finished-at="2024-11-08T14:48:19 CST" duration-ms="11202" status="PASS">
          <reporter-output>
          </reporter-output>
        </test-method> <!-- f1 -->
      </class> <!-- com.testng.FirstProgramToOpenBrowser -->
    </test> <!-- Test -->
  </suite> <!-- Suite -->
</testng-results>
