<?xml version="1.0" encoding="UTF-8"?>
<testng-results ignored="0" total="1" passed="1" failed="0" skipped="0">
  <reporter-output>
  </reporter-output>
  <suite started-at="2024-11-07T19:40:39 CST" name="Default suite" finished-at="2024-11-07T19:40:45 CST" duration-ms="5769">
    <groups>
    </groups>
    <test started-at="2024-11-07T19:40:39 CST" name="Default test" finished-at="2024-11-07T19:40:45 CST" duration-ms="5769">
      <class name="com.testng.FirstProgramToOpenBrowser">
        <test-method signature="f1()[pri:0, instance:com.testng.FirstProgramToOpenBrowser@2b9ed6da]" started-at="2024-11-07T19:40:39 CST" name="f1" finished-at="2024-11-07T19:40:45 CST" duration-ms="5709" status="PASS">
          <reporter-output>
          </reporter-output>
        </test-method> <!-- f1 -->
      </class> <!-- com.testng.FirstProgramToOpenBrowser -->
    </test> <!-- Default test -->
  </suite> <!-- Default suite -->
</testng-results>
